{"numTotalTestSuites":7,"numPassedTestSuites":7,"numFailedTestSuites":0,"numPendingTestSuites":0,"numTotalTests":18,"numPassedTests":18,"numFailedTests":0,"numPendingTests":0,"numTodoTests":0,"snapshot":{"added":0,"failure":false,"filesAdded":0,"filesRemoved":0,"filesRemovedList":[],"filesUnmatched":0,"filesUpdated":0,"matched":0,"total":0,"unchecked":0,"uncheckedKeysByFile":[],"unmatched":0,"updated":0,"didUpdate":false},"startTime":1773140206112,"success":true,"testResults":[{"assertionResults":[{"ancestorTitles":["ChecklistDetector"],"fullName":"ChecklistDetector returns no findings when all expected items are covered","status":"passed","title":"returns no findings when all expected items are covered","duration":4.175004000000058,"failureMessages":[],"meta":{}},{"ancestorTitles":["ChecklistDetector"],"fullName":"ChecklistDetector fires a finding listing the missing items","status":"passed","title":"fires a finding listing the missing items","duration":1.4053319999999303,"failureMessages":[],"meta":{}},{"ancestorTitles":["ChecklistDetector"],"fullName":"ChecklistDetector returns no findings when group has no events","status":"passed","title":"returns no findings when group has no events","duration":0.2706829999999627,"failureMessages":[],"meta":{}},{"ancestorTitles":["ChecklistDetector"],"fullName":"ChecklistDetector uses custom message formatter","status":"passed","title":"uses custom message formatter","duration":0.4837999999999738,"failureMessages":[],"meta":{}},{"ancestorTitles":["ChecklistDetector"],"fullName":"ChecklistDetector todayOnly filters out events from other days","status":"passed","title":"todayOnly filters out events from other days","duration":3.3567470000000412,"failureMessages":[],"meta":{}}],"startTime":1773140206725,"endTime":1773140206735.3567,"status":"passed","message":"","name":"/Users/Andi/Desktop/oraku-main/src/__tests__/ChecklistDetector.test.ts"},{"assertionResults":[{"ancestorTitles":["EventStitcher"],"fullName":"EventStitcher groups events by a top-level field","status":"passed","title":"groups events by a top-level field","duration":4.495655000000056,"failureMessages":[],"meta":{}},{"ancestorTitles":["EventStitcher"],"fullName":"EventStitcher groups events by a nested field (meta.userId)","status":"passed","title":"groups events by a nested field (meta.userId)","duration":0.7039040000000796,"failureMessages":[],"meta":{}},{"ancestorTitles":["EventStitcher"],"fullName":"EventStitcher deduplicates events with the same externalRef","status":"passed","title":"deduplicates events with the same externalRef","duration":0.4677729999999656,"failureMessages":[],"meta":{}},{"ancestorTitles":["EventStitcher"],"fullName":"EventStitcher groups into \"unknown\" when field is missing","status":"passed","title":"groups into \"unknown\" when field is missing","duration":0.4820680000000266,"failureMessages":[],"meta":{}},{"ancestorTitles":["EventStitcher"],"fullName":"EventStitcher tracks first and last timestamps correctly","status":"passed","title":"tracks first and last timestamps correctly","duration":0.25662899999997535,"failureMessages":[],"meta":{}},{"ancestorTitles":["EventStitcher"],"fullName":"EventStitcher sets externalRef on each group to the key value","status":"passed","title":"sets externalRef on each group to the key value","duration":0.16106599999989157,"failureMessages":[],"meta":{}}],"startTime":1773140206710,"endTime":1773140206716.4822,"status":"passed","message":"","name":"/Users/Andi/Desktop/oraku-main/src/__tests__/EventStitcher.test.ts"},{"assertionResults":[{"ancestorTitles":["StreakDetector — ongoing"],"fullName":"StreakDetector — ongoing fires a recurring finding when predicted next date is in the future","status":"passed","title":"fires a recurring finding when predicted next date is in the future","duration":5.813521999999921,"failureMessages":[],"meta":{}},{"ancestorTitles":["StreakDetector — ongoing"],"fullName":"StreakDetector — ongoing does not fire when there are fewer events than minRepeat","status":"passed","title":"does not fire when there are fewer events than minRepeat","duration":0.31318899999996574,"failureMessages":[],"meta":{}},{"ancestorTitles":["StreakDetector — ongoing"],"fullName":"StreakDetector — ongoing does not fire when predicted date is already in the past","status":"passed","title":"does not fire when predicted date is already in the past","duration":0.43246799999997165,"failureMessages":[],"meta":{}},{"ancestorTitles":["StreakDetector — ongoing"],"fullName":"StreakDetector — ongoing tracks each category/subcategory pattern independently","status":"passed","title":"tracks each category/subcategory pattern independently","duration":0.544257000000016,"failureMessages":[],"meta":{}},{"ancestorTitles":["StreakDetector — break"],"fullName":"StreakDetector — break fires an anomaly finding when a streak has broken","status":"passed","title":"fires an anomaly finding when a streak has broken","duration":0.4669689999999491,"failureMessages":[],"meta":{}},{"ancestorTitles":["StreakDetector — break"],"fullName":"StreakDetector — break does not fire when a recent event covers the expected slot","status":"passed","title":"does not fire when a recent event covers the expected slot","duration":0.8548700000000053,"failureMessages":[],"meta":{}},{"ancestorTitles":["StreakDetector — break"],"fullName":"StreakDetector — break only checks same-pattern events (not unrelated categories)","status":"passed","title":"only checks same-pattern events (not unrelated categories)","duration":0.37175999999999476,"failureMessages":[],"meta":{}}],"startTime":1773140206733,"endTime":1773140206742.3718,"status":"passed","message":"","name":"/Users/Andi/Desktop/oraku-main/src/__tests__/StreakDetector.test.ts"}]}