{"numTotalTestSuites":12,"numPassedTestSuites":12,"numFailedTestSuites":0,"numPendingTestSuites":0,"numTotalTests":29,"numPassedTests":29,"numFailedTests":0,"numPendingTests":0,"numTodoTests":0,"snapshot":{"added":0,"failure":false,"filesAdded":0,"filesRemoved":0,"filesRemovedList":[],"filesUnmatched":0,"filesUpdated":0,"matched":0,"total":0,"unchecked":0,"uncheckedKeysByFile":[],"unmatched":0,"updated":0,"didUpdate":false},"startTime":1773668897562,"success":true,"testResults":[{"assertionResults":[{"ancestorTitles":["ActivityPatternAnalyzer — dataSources filter"],"fullName":"ActivityPatternAnalyzer — dataSources filter returns [] when no dataSources configured","status":"passed","title":"returns [] when no dataSources configured","duration":3.2473270000000127,"failureMessages":[],"meta":{}},{"ancestorTitles":["ActivityPatternAnalyzer — dataSources filter"],"fullName":"ActivityPatternAnalyzer — dataSources filter returns [] when events do not match any registered dataSource","status":"passed","title":"returns [] when events do not match any registered dataSource","duration":0.41469299999999976,"failureMessages":[],"meta":{}},{"ancestorTitles":["ActivityPatternAnalyzer — dataSources filter"],"fullName":"ActivityPatternAnalyzer — dataSources filter returns [] when group has no events","status":"passed","title":"returns [] when group has no events","duration":0.2636620000000107,"failureMessages":[],"meta":{}},{"ancestorTitles":["ActivityPatternAnalyzer — streak detection"],"fullName":"ActivityPatternAnalyzer — streak detection fires an ongoing streak finding for a matching category","status":"passed","title":"fires an ongoing streak finding for a matching category","duration":1.2509340000000009,"failureMessages":[],"meta":{}},{"ancestorTitles":["ActivityPatternAnalyzer — streak detection"],"fullName":"ActivityPatternAnalyzer — streak detection fires a break finding when a streak is broken","status":"passed","title":"fires a break finding when a streak is broken","duration":0.46647899999999254,"failureMessages":[],"meta":{}},{"ancestorTitles":["ActivityPatternAnalyzer — streak detection"],"fullName":"ActivityPatternAnalyzer — streak detection ignores events from unregistered categories","status":"passed","title":"ignores events from unregistered categories","duration":0.5371920000000046,"failureMessages":[],"meta":{}}],"startTime":1773668898324,"endTime":1773668898330.537,"status":"passed","message":"","name":"/Users/Andi/Desktop/oraku-main/src/__tests__/ActivityPatternAnalyzer.test.ts"},{"assertionResults":[{"ancestorTitles":["ChecklistDetector"],"fullName":"ChecklistDetector returns no findings when all expected items are covered","status":"passed","title":"returns no findings when all expected items are covered","duration":106.39832000000001,"failureMessages":[],"meta":{}},{"ancestorTitles":["ChecklistDetector"],"fullName":"ChecklistDetector fires a finding listing the missing items","status":"passed","title":"fires a finding listing the missing items","duration":7.28435300000001,"failureMessages":[],"meta":{}},{"ancestorTitles":["ChecklistDetector"],"fullName":"ChecklistDetector returns no findings when group has no events","status":"passed","title":"returns no findings when group has no events","duration":0.229329000000007,"failureMessages":[],"meta":{}},{"ancestorTitles":["ChecklistDetector"],"fullName":"ChecklistDetector uses custom message formatter","status":"passed","title":"uses custom message formatter","duration":0.39465400000005957,"failureMessages":[],"meta":{}},{"ancestorTitles":["ChecklistDetector"],"fullName":"ChecklistDetector todayOnly filters out events from other days","status":"passed","title":"todayOnly filters out events from other days","duration":0.3082249999999931,"failureMessages":[],"meta":{}}],"startTime":1773668898068,"endTime":1773668898183.308,"status":"passed","message":"","name":"/Users/Andi/Desktop/oraku-main/src/__tests__/ChecklistDetector.test.ts"},{"assertionResults":[{"ancestorTitles":["EventStitcher"],"fullName":"EventStitcher groups events by a top-level field","status":"passed","title":"groups events by a top-level field","duration":4.803475999999989,"failureMessages":[],"meta":{}},{"ancestorTitles":["EventStitcher"],"fullName":"EventStitcher groups events by a nested field (meta.userId)","status":"passed","title":"groups events by a nested field (meta.userId)","duration":0.749022000000025,"failureMessages":[],"meta":{}},{"ancestorTitles":["EventStitcher"],"fullName":"EventStitcher deduplicates events with the same externalRef","status":"passed","title":"deduplicates events with the same externalRef","duration":0.4562339999999949,"failureMessages":[],"meta":{}},{"ancestorTitles":["EventStitcher"],"fullName":"EventStitcher groups into \"unknown\" when field is missing","status":"passed","title":"groups into \"unknown\" when field is missing","duration":0.44672700000000987,"failureMessages":[],"meta":{}},{"ancestorTitles":["EventStitcher"],"fullName":"EventStitcher tracks first and last timestamps correctly","status":"passed","title":"tracks first and last timestamps correctly","duration":0.24488799999994626,"failureMessages":[],"meta":{}},{"ancestorTitles":["EventStitcher"],"fullName":"EventStitcher sets externalRef on each group to the key value","status":"passed","title":"sets externalRef on each group to the key value","duration":0.16028099999999768,"failureMessages":[],"meta":{}}],"startTime":1773668898111,"endTime":1773668898118.2449,"status":"passed","message":"","name":"/Users/Andi/Desktop/oraku-main/src/__tests__/EventStitcher.test.ts"},{"assertionResults":[{"ancestorTitles":["StreakDetector — ongoing"],"fullName":"StreakDetector — ongoing fires a recurring finding when predicted next date is in the future","status":"passed","title":"fires a recurring finding when predicted next date is in the future","duration":6.539486000000011,"failureMessages":[],"meta":{}},{"ancestorTitles":["StreakDetector — ongoing"],"fullName":"StreakDetector — ongoing does not fire when there are fewer events than minRepeat","status":"passed","title":"does not fire when there are fewer events than minRepeat","duration":0.42181300000004285,"failureMessages":[],"meta":{}},{"ancestorTitles":["StreakDetector — ongoing"],"fullName":"StreakDetector — ongoing does not fire when predicted date is already in the past","status":"passed","title":"does not fire when predicted date is already in the past","duration":3.202415999999971,"failureMessages":[],"meta":{}},{"ancestorTitles":["StreakDetector — ongoing"],"fullName":"StreakDetector — ongoing tracks each category/subcategory pattern independently","status":"passed","title":"tracks each category/subcategory pattern independently","duration":0.6682270000000017,"failureMessages":[],"meta":{}},{"ancestorTitles":["StreakDetector — break"],"fullName":"StreakDetector — break fires an anomaly finding when a streak has broken","status":"passed","title":"fires an anomaly finding when a streak has broken","duration":0.5055130000000077,"failureMessages":[],"meta":{}},{"ancestorTitles":["StreakDetector — break"],"fullName":"StreakDetector — break does not fire when a recent event covers the expected slot","status":"passed","title":"does not fire when a recent event covers the expected slot","duration":0.2878640000000132,"failureMessages":[],"meta":{}},{"ancestorTitles":["StreakDetector — break"],"fullName":"StreakDetector — break only checks same-pattern events (not unrelated categories)","status":"passed","title":"only checks same-pattern events (not unrelated categories)","duration":0.37943100000001095,"failureMessages":[],"meta":{}}],"startTime":1773668898092,"endTime":1773668898104.3794,"status":"passed","message":"","name":"/Users/Andi/Desktop/oraku-main/src/__tests__/StreakDetector.test.ts"},{"assertionResults":[{"ancestorTitles":["runPipeline"],"fullName":"runPipeline returns findings and notificationsByUser keyed by userId","status":"passed","title":"returns findings and notificationsByUser keyed by userId","duration":5.022474999999986,"failureMessages":[],"meta":{}},{"ancestorTitles":["runPipeline"],"fullName":"runPipeline generates notifications for all users when forUserId is not set","status":"passed","title":"generates notifications for all users when forUserId is not set","duration":0.961133000000018,"failureMessages":[],"meta":{}},{"ancestorTitles":["runPipeline"],"fullName":"runPipeline forUserId limits notification generation to that user only","status":"passed","title":"forUserId limits notification generation to that user only","duration":0.7959399999999732,"failureMessages":[],"meta":{}},{"ancestorTitles":["runPipeline"],"fullName":"runPipeline returns empty notificationsByUser when no detectorConfigs registered","status":"passed","title":"returns empty notificationsByUser when no detectorConfigs registered","duration":853.7861300000002,"failureMessages":[],"meta":{}},{"ancestorTitles":["runPipeline"],"fullName":"runPipeline throws when GROQ_API_KEY is missing","status":"passed","title":"throws when GROQ_API_KEY is missing","duration":2.8497939999999744,"failureMessages":[],"meta":{}}],"startTime":1773668898430,"endTime":1773668899293.8499,"status":"passed","message":"","name":"/Users/Andi/Desktop/oraku-main/src/__tests__/pipeline.test.ts"}]}